0 info it worked if it ends with ok
1 verbose cli [ '/usr/local/bin/node',
1 verbose cli   '/usr/local/bin/npm',
1 verbose cli   'install',
1 verbose cli   '-g',
1 verbose cli   'karma-cli' ]
2 info using npm@3.3.12
3 info using node@v5.1.0
4 silly loadCurrentTree Starting
5 silly install loadCurrentTree
6 silly install readGlobalPackageData
7 silly fetchPackageMetaData karma-cli
8 silly fetchNamedPackageData karma-cli
9 silly mapToRegistry name karma-cli
10 silly mapToRegistry using default registry
11 silly mapToRegistry registry https://registry.npmjs.org/
12 silly mapToRegistry uri https://registry.npmjs.org/karma-cli
13 verbose request uri https://registry.npmjs.org/karma-cli
14 verbose request no auth needed
15 info attempt registry request try #1 at 7:32:07 AM
16 verbose request id ea482403657b0377
17 verbose etag "BQMC3910XTZ1UGSN5YPW1OOTH"
18 http request GET https://registry.npmjs.org/karma-cli
19 http 304 https://registry.npmjs.org/karma-cli
20 verbose headers { date: 'Sun, 28 Feb 2016 12:32:06 GMT',
20 verbose headers   via: '1.1 varnish',
20 verbose headers   'cache-control': 'max-age=300',
20 verbose headers   etag: '"BQMC3910XTZ1UGSN5YPW1OOTH"',
20 verbose headers   age: '0',
20 verbose headers   connection: 'keep-alive',
20 verbose headers   'x-served-by': 'cache-atl6232-ATL',
20 verbose headers   'x-cache': 'HIT',
20 verbose headers   'x-cache-hits': '1',
20 verbose headers   'x-timer': 'S1456662726.678952,VS0,VE32',
20 verbose headers   vary: 'Accept' }
21 silly get cb [ 304,
21 silly get   { date: 'Sun, 28 Feb 2016 12:32:06 GMT',
21 silly get     via: '1.1 varnish',
21 silly get     'cache-control': 'max-age=300',
21 silly get     etag: '"BQMC3910XTZ1UGSN5YPW1OOTH"',
21 silly get     age: '0',
21 silly get     connection: 'keep-alive',
21 silly get     'x-served-by': 'cache-atl6232-ATL',
21 silly get     'x-cache': 'HIT',
21 silly get     'x-cache-hits': '1',
21 silly get     'x-timer': 'S1456662726.678952,VS0,VE32',
21 silly get     vary: 'Accept' } ]
22 verbose etag https://registry.npmjs.org/karma-cli from cache
23 verbose get saving karma-cli to /Users/Nacho/.npm/registry.npmjs.org/karma-cli/.cache.json
24 silly install normalizeTree
25 silly loadCurrentTree Finishing
26 silly loadIdealTree Starting
27 silly install loadIdealTree
28 silly cloneCurrentTree Starting
29 silly install cloneCurrentTreeToIdealTree
30 silly cloneCurrentTree Finishing
31 silly loadShrinkwrap Starting
32 silly install loadShrinkwrap
33 silly loadShrinkwrap Finishing
34 silly loadAllDepsIntoIdealTree Starting
35 silly install loadAllDepsIntoIdealTree
36 silly resolveWithNewModule karma-cli@0.1.2 checking installable status
37 silly cache add args [ 'karma-cli', null ]
38 verbose cache add spec karma-cli
39 silly cache add parsed spec Result {
39 silly cache add   raw: 'karma-cli',
39 silly cache add   scope: null,
39 silly cache add   name: 'karma-cli',
39 silly cache add   rawSpec: '',
39 silly cache add   spec: '*',
39 silly cache add   type: 'range' }
40 silly addNamed karma-cli@*
41 verbose addNamed "*" is a valid semver range for karma-cli
42 silly addNameRange { name: 'karma-cli', range: '*', hasData: false }
43 silly mapToRegistry name karma-cli
44 silly mapToRegistry using default registry
45 silly mapToRegistry registry https://registry.npmjs.org/
46 silly mapToRegistry uri https://registry.npmjs.org/karma-cli
47 verbose addNameRange registry:https://registry.npmjs.org/karma-cli not in flight; fetching
48 verbose get https://registry.npmjs.org/karma-cli not expired, no request
49 silly addNameRange number 2 { name: 'karma-cli', range: '*', hasData: true }
50 silly addNameRange versions [ 'karma-cli',
50 silly addNameRange   [ '0.0.1', '0.0.2', '0.0.3', '0.0.4', '0.1.0', '0.1.1', '0.1.2' ] ]
51 silly addNamed karma-cli@0.1.2
52 verbose addNamed "0.1.2" is a plain semver version for karma-cli
53 silly cache afterAdd karma-cli@0.1.2
54 verbose afterAdd /Users/Nacho/.npm/karma-cli/0.1.2/package/package.json not in flight; writing
55 verbose afterAdd /Users/Nacho/.npm/karma-cli/0.1.2/package/package.json written
56 silly fetchNamedPackageData resolve
57 silly mapToRegistry name resolve
58 silly mapToRegistry using default registry
59 silly mapToRegistry registry https://registry.npmjs.org/
60 silly mapToRegistry uri https://registry.npmjs.org/resolve
61 verbose request uri https://registry.npmjs.org/resolve
62 verbose request no auth needed
63 info attempt registry request try #1 at 7:32:07 AM
64 verbose etag "E5LYAO9ANDLZYP3M2AL72NV6M"
65 http request GET https://registry.npmjs.org/resolve
66 http 304 https://registry.npmjs.org/resolve
67 verbose headers { date: 'Sun, 28 Feb 2016 12:32:06 GMT',
67 verbose headers   via: '1.1 varnish',
67 verbose headers   'cache-control': 'max-age=300',
67 verbose headers   etag: '"E5LYAO9ANDLZYP3M2AL72NV6M"',
67 verbose headers   age: '84',
67 verbose headers   connection: 'keep-alive',
67 verbose headers   'x-served-by': 'cache-atl6244-ATL',
67 verbose headers   'x-cache': 'HIT',
67 verbose headers   'x-cache-hits': '3',
67 verbose headers   'x-timer': 'S1456662726.886656,VS0,VE0',
67 verbose headers   vary: 'Accept' }
68 silly get cb [ 304,
68 silly get   { date: 'Sun, 28 Feb 2016 12:32:06 GMT',
68 silly get     via: '1.1 varnish',
68 silly get     'cache-control': 'max-age=300',
68 silly get     etag: '"E5LYAO9ANDLZYP3M2AL72NV6M"',
68 silly get     age: '84',
68 silly get     connection: 'keep-alive',
68 silly get     'x-served-by': 'cache-atl6244-ATL',
68 silly get     'x-cache': 'HIT',
68 silly get     'x-cache-hits': '3',
68 silly get     'x-timer': 'S1456662726.886656,VS0,VE0',
68 silly get     vary: 'Accept' } ]
69 verbose etag https://registry.npmjs.org/resolve from cache
70 verbose get saving resolve to /Users/Nacho/.npm/registry.npmjs.org/resolve/.cache.json
71 silly resolveWithNewModule resolve@1.1.7 checking installable status
72 silly cache add args [ 'resolve@^1.1.6', null ]
73 verbose cache add spec resolve@^1.1.6
74 silly cache add parsed spec Result {
74 silly cache add   raw: 'resolve@^1.1.6',
74 silly cache add   scope: null,
74 silly cache add   name: 'resolve',
74 silly cache add   rawSpec: '^1.1.6',
74 silly cache add   spec: '>=1.1.6 <2.0.0',
74 silly cache add   type: 'range' }
75 silly addNamed resolve@>=1.1.6 <2.0.0
76 verbose addNamed ">=1.1.6 <2.0.0" is a valid semver range for resolve
77 silly addNameRange { name: 'resolve', range: '>=1.1.6 <2.0.0', hasData: false }
78 silly mapToRegistry name resolve
79 silly mapToRegistry using default registry
80 silly mapToRegistry registry https://registry.npmjs.org/
81 silly mapToRegistry uri https://registry.npmjs.org/resolve
82 verbose addNameRange registry:https://registry.npmjs.org/resolve not in flight; fetching
83 verbose get https://registry.npmjs.org/resolve not expired, no request
84 silly addNameRange number 2 { name: 'resolve', range: '>=1.1.6 <2.0.0', hasData: true }
85 silly addNameRange versions [ 'resolve',
85 silly addNameRange   [ '0.0.0',
85 silly addNameRange     '0.0.1',
85 silly addNameRange     '0.0.2',
85 silly addNameRange     '0.0.3',
85 silly addNameRange     '0.0.4',
85 silly addNameRange     '0.1.0',
85 silly addNameRange     '0.1.2',
85 silly addNameRange     '0.1.3',
85 silly addNameRange     '0.2.0',
85 silly addNameRange     '0.2.1',
85 silly addNameRange     '0.2.2',
85 silly addNameRange     '0.2.3',
85 silly addNameRange     '0.2.4',
85 silly addNameRange     '0.2.5',
85 silly addNameRange     '0.2.6',
85 silly addNameRange     '0.2.7',
85 silly addNameRange     '0.2.8',
85 silly addNameRange     '0.3.0',
85 silly addNameRange     '0.3.1',
85 silly addNameRange     '0.4.0',
85 silly addNameRange     '0.4.1',
85 silly addNameRange     '0.4.2',
85 silly addNameRange     '0.4.3',
85 silly addNameRange     '0.5.0',
85 silly addNameRange     '0.5.1',
85 silly addNameRange     '0.6.0',
85 silly addNameRange     '0.6.1',
85 silly addNameRange     '0.6.2',
85 silly addNameRange     '0.6.3',
85 silly addNameRange     '0.7.0',
85 silly addNameRange     '0.7.1',
85 silly addNameRange     '0.7.2',
85 silly addNameRange     '0.7.3',
85 silly addNameRange     '0.7.4',
85 silly addNameRange     '1.0.0',
85 silly addNameRange     '1.1.0',
85 silly addNameRange     '1.1.2',
85 silly addNameRange     '1.1.3',
85 silly addNameRange     '1.1.4',
85 silly addNameRange     '1.1.5',
85 silly addNameRange     '1.1.6',
85 silly addNameRange     '1.1.7' ] ]
86 silly addNamed resolve@1.1.7
87 verbose addNamed "1.1.7" is a plain semver version for resolve
88 silly cache afterAdd resolve@1.1.7
89 verbose afterAdd /Users/Nacho/.npm/resolve/1.1.7/package/package.json not in flight; writing
90 verbose afterAdd /Users/Nacho/.npm/resolve/1.1.7/package/package.json written
91 silly loadAllDepsIntoIdealTree Finishing
92 silly idealTree:prePrune lib
92 silly idealTree:prePrune └─┬ karma-cli@0.1.2
92 silly idealTree:prePrune   └── resolve@1.1.7
93 silly loadIdealTree Finishing
94 silly currentTree lib
95 silly idealTree lib
95 silly idealTree └─┬ karma-cli@0.1.2
95 silly idealTree   └── resolve@1.1.7
96 silly generateActionsToTake Starting
97 silly install generateActionsToTake
98 warn checkPermissions Missing write access to /usr/local/lib/node_modules
99 silly rollbackFailedOptional Starting
100 silly rollbackFailedOptional Finishing
101 silly runTopLevelLifecycles Starting
102 silly runTopLevelLifecycles Finishing
103 silly install printInstalled
104 verbose stack Error: EACCES: permission denied, access '/usr/local/lib/node_modules'
104 verbose stack     at Error (native)
105 verbose cwd /Users/Nacho/Development/code/angular-controllers-lab-v-000
106 error Darwin 15.0.0
107 error argv "/usr/local/bin/node" "/usr/local/bin/npm" "install" "-g" "karma-cli"
108 error node v5.1.0
109 error npm  v3.3.12
110 error path /usr/local/lib/node_modules
111 error code EACCES
112 error errno -13
113 error syscall access
114 error Error: EACCES: permission denied, access '/usr/local/lib/node_modules'
114 error     at Error (native)
114 error  { [Error: EACCES: permission denied, access '/usr/local/lib/node_modules']
114 error   errno: -13,
114 error   code: 'EACCES',
114 error   syscall: 'access',
114 error   path: '/usr/local/lib/node_modules' }
115 error Please try running this command again as root/Administrator.
116 verbose exit [ -13, true ]
